Performing C SOURCE FILE Test CMAKE_HAVE_LIBC_PTHREAD failed with the following output:
Change Dir: /storage/home/nkm5669/work/athenak/build/CMakeFiles/CMakeTmp

Run Build Command(s):/usr/bin/gmake -f Makefile cmTC_f3b6c/fast && /usr/bin/gmake  -f CMakeFiles/cmTC_f3b6c.dir/build.make CMakeFiles/cmTC_f3b6c.dir/build
gmake[1]: Entering directory '/storage/work/nkm5669/athenak/build/CMakeFiles/CMakeTmp'
Building C object CMakeFiles/cmTC_f3b6c.dir/src.c.o
/usr/bin/cc -DCMAKE_HAVE_LIBC_PTHREAD   -o CMakeFiles/cmTC_f3b6c.dir/src.c.o -c /storage/home/nkm5669/work/athenak/build/CMakeFiles/CMakeTmp/src.c
Linking C executable cmTC_f3b6c
/storage/icds/swst/deployed/production/20220813/apps/cmake/3.21.4_gcc-8.5.0/bin/cmake -E cmake_link_script CMakeFiles/cmTC_f3b6c.dir/link.txt --verbose=1
/usr/bin/cc CMakeFiles/cmTC_f3b6c.dir/src.c.o -o cmTC_f3b6c 
CMakeFiles/cmTC_f3b6c.dir/src.c.o: In function `main':
src.c:(.text+0x2d): undefined reference to `pthread_create'
src.c:(.text+0x39): undefined reference to `pthread_detach'
src.c:(.text+0x45): undefined reference to `pthread_cancel'
src.c:(.text+0x56): undefined reference to `pthread_join'
collect2: error: ld returned 1 exit status
gmake[1]: *** [CMakeFiles/cmTC_f3b6c.dir/build.make:99: cmTC_f3b6c] Error 1
gmake[1]: Leaving directory '/storage/work/nkm5669/athenak/build/CMakeFiles/CMakeTmp'
gmake: *** [Makefile:127: cmTC_f3b6c/fast] Error 2


Source file was:
#include <pthread.h>

static void* test_func(void* data)
{
  return data;
}

int main(void)
{
  pthread_t thread;
  pthread_create(&thread, NULL, test_func, NULL);
  pthread_detach(thread);
  pthread_cancel(thread);
  pthread_join(thread, NULL);
  pthread_atfork(NULL, NULL, NULL);
  pthread_exit(NULL);

  return 0;
}

Determining if the function pthread_create exists in the pthreads failed with the following output:
Change Dir: /storage/home/nkm5669/work/athenak/build/CMakeFiles/CMakeTmp

Run Build Command(s):/usr/bin/gmake -f Makefile cmTC_c6303/fast && /usr/bin/gmake  -f CMakeFiles/cmTC_c6303.dir/build.make CMakeFiles/cmTC_c6303.dir/build
gmake[1]: Entering directory '/storage/work/nkm5669/athenak/build/CMakeFiles/CMakeTmp'
Building C object CMakeFiles/cmTC_c6303.dir/CheckFunctionExists.c.o
/usr/bin/cc   -DCHECK_FUNCTION_EXISTS=pthread_create -o CMakeFiles/cmTC_c6303.dir/CheckFunctionExists.c.o -c /storage/icds/swst/deployed/production/20220813/apps/cmake/3.21.4_gcc-8.5.0/share/cmake-3.21/Modules/CheckFunctionExists.c
Linking C executable cmTC_c6303
/storage/icds/swst/deployed/production/20220813/apps/cmake/3.21.4_gcc-8.5.0/bin/cmake -E cmake_link_script CMakeFiles/cmTC_c6303.dir/link.txt --verbose=1
/usr/bin/cc  -DCHECK_FUNCTION_EXISTS=pthread_create CMakeFiles/cmTC_c6303.dir/CheckFunctionExists.c.o -o cmTC_c6303  -lpthreads 
/usr/bin/ld: cannot find -lpthreads
collect2: error: ld returned 1 exit status
gmake[1]: *** [CMakeFiles/cmTC_c6303.dir/build.make:99: cmTC_c6303] Error 1
gmake[1]: Leaving directory '/storage/work/nkm5669/athenak/build/CMakeFiles/CMakeTmp'
gmake: *** [Makefile:127: cmTC_c6303/fast] Error 2



Performing C SOURCE FILE Test CMAKE_HAVE_LIBC_PTHREAD failed with the following output:
Change Dir: /storage/home/nkm5669/work/athenak/build/CMakeFiles/CMakeTmp

Run Build Command(s):/usr/bin/gmake -f Makefile cmTC_9aabb/fast && /usr/bin/gmake  -f CMakeFiles/cmTC_9aabb.dir/build.make CMakeFiles/cmTC_9aabb.dir/build
gmake[1]: Entering directory '/storage/work/nkm5669/athenak/build/CMakeFiles/CMakeTmp'
Building C object CMakeFiles/cmTC_9aabb.dir/src.c.o
/usr/bin/cc -DCMAKE_HAVE_LIBC_PTHREAD   -o CMakeFiles/cmTC_9aabb.dir/src.c.o -c /storage/home/nkm5669/work/athenak/build/CMakeFiles/CMakeTmp/src.c
Linking C executable cmTC_9aabb
/storage/icds/swst/deployed/production/20220813/apps/cmake/3.21.4_gcc-8.5.0/bin/cmake -E cmake_link_script CMakeFiles/cmTC_9aabb.dir/link.txt --verbose=1
/usr/bin/cc CMakeFiles/cmTC_9aabb.dir/src.c.o -o cmTC_9aabb 
CMakeFiles/cmTC_9aabb.dir/src.c.o: In function `main':
src.c:(.text+0x2d): undefined reference to `pthread_create'
src.c:(.text+0x39): undefined reference to `pthread_detach'
src.c:(.text+0x45): undefined reference to `pthread_cancel'
src.c:(.text+0x56): undefined reference to `pthread_join'
collect2: error: ld returned 1 exit status
gmake[1]: *** [CMakeFiles/cmTC_9aabb.dir/build.make:99: cmTC_9aabb] Error 1
gmake[1]: Leaving directory '/storage/work/nkm5669/athenak/build/CMakeFiles/CMakeTmp'
gmake: *** [Makefile:127: cmTC_9aabb/fast] Error 2


Source file was:
#include <pthread.h>

static void* test_func(void* data)
{
  return data;
}

int main(void)
{
  pthread_t thread;
  pthread_create(&thread, NULL, test_func, NULL);
  pthread_detach(thread);
  pthread_cancel(thread);
  pthread_join(thread, NULL);
  pthread_atfork(NULL, NULL, NULL);
  pthread_exit(NULL);

  return 0;
}

Determining if the function pthread_create exists in the pthreads failed with the following output:
Change Dir: /storage/home/nkm5669/work/athenak/build/CMakeFiles/CMakeTmp

Run Build Command(s):/usr/bin/gmake -f Makefile cmTC_99aac/fast && /usr/bin/gmake  -f CMakeFiles/cmTC_99aac.dir/build.make CMakeFiles/cmTC_99aac.dir/build
gmake[1]: Entering directory '/storage/work/nkm5669/athenak/build/CMakeFiles/CMakeTmp'
Building C object CMakeFiles/cmTC_99aac.dir/CheckFunctionExists.c.o
/usr/bin/cc   -DCHECK_FUNCTION_EXISTS=pthread_create -o CMakeFiles/cmTC_99aac.dir/CheckFunctionExists.c.o -c /storage/icds/swst/deployed/production/20220813/apps/cmake/3.21.4_gcc-8.5.0/share/cmake-3.21/Modules/CheckFunctionExists.c
Linking C executable cmTC_99aac
/storage/icds/swst/deployed/production/20220813/apps/cmake/3.21.4_gcc-8.5.0/bin/cmake -E cmake_link_script CMakeFiles/cmTC_99aac.dir/link.txt --verbose=1
/usr/bin/cc  -DCHECK_FUNCTION_EXISTS=pthread_create CMakeFiles/cmTC_99aac.dir/CheckFunctionExists.c.o -o cmTC_99aac  -lpthreads 
/usr/bin/ld: cannot find -lpthreads
collect2: error: ld returned 1 exit status
gmake[1]: *** [CMakeFiles/cmTC_99aac.dir/build.make:99: cmTC_99aac] Error 1
gmake[1]: Leaving directory '/storage/work/nkm5669/athenak/build/CMakeFiles/CMakeTmp'
gmake: *** [Makefile:127: cmTC_99aac/fast] Error 2



The MPI test test_mpi for CXX in mode normal failed to compile with the following output:
Change Dir: /storage/home/nkm5669/work/athenak/build/CMakeFiles/CMakeTmp

Run Build Command(s):/usr/bin/gmake -f Makefile cmTC_21100/fast && /usr/bin/gmake  -f CMakeFiles/cmTC_21100.dir/build.make CMakeFiles/cmTC_21100.dir/build
gmake[1]: Entering directory '/storage/work/nkm5669/athenak/build/CMakeFiles/CMakeTmp'
Building CXX object CMakeFiles/cmTC_21100.dir/test_mpi.cpp.o
/storage/home/nkm5669/work/athenak/build/../kokkos/bin/nvcc_wrapper   -std=c++17 -o CMakeFiles/cmTC_21100.dir/test_mpi.cpp.o -c /storage/home/nkm5669/work/athenak/build/CMakeFiles/FindMPI/test_mpi.cpp
/storage/home/nkm5669/work/athenak/build/CMakeFiles/FindMPI/test_mpi.cpp:1:10: fatal error: mpi.h: No such file or directory
 #include <mpi.h>
          ^~~~~~~
compilation terminated.
gmake[1]: *** [CMakeFiles/cmTC_21100.dir/build.make:78: CMakeFiles/cmTC_21100.dir/test_mpi.cpp.o] Error 1
gmake[1]: Leaving directory '/storage/work/nkm5669/athenak/build/CMakeFiles/CMakeTmp'
gmake: *** [Makefile:127: cmTC_21100/fast] Error 2



